<?xml version="1.0" encoding="UTF-8"?>
<robot generator="Robot 6.0.2 (Python 3.9.0 on darwin)" generated="20230529 22:56:26.258" rpa="false" schemaversion="3">
<suite id="s1" name="Preenchimento Incorreto" source="/Users/user/Documents/Automacaotestes/CursoRobot/testes/preenchimento_incorreto.robot">
<test id="s1-t1" name="Verificar se quando um campo obrigatório não dor preenchido corretamente o sistema exibe uma mensagem de campo obrigatório" line="8">
<kw name="Dado que eu acesse o Organo" library="setup_teardown" type="SETUP">
<kw name="Open Browser" library="SeleniumLibrary">
<arg>url=http://localhost:3000/</arg>
<arg>browser=${BROWSER}</arg>
<doc>Opens a new browser instance to the optional ``url``.</doc>
<msg timestamp="20230529 22:56:27.185" level="INFO">Opening browser 'Chrome' to base url 'http://localhost:3000/'.</msg>
<status status="PASS" starttime="20230529 22:56:27.184" endtime="20230529 22:56:30.209"/>
</kw>
<status status="PASS" starttime="20230529 22:56:27.182" endtime="20230529 22:56:30.211"/>
</kw>
<kw name="Dado que eu clique no botão criar card" library="cadastro">
<kw name="Click Element" library="SeleniumLibrary">
<arg>${BOTAO_CARD}</arg>
<doc>Click the element identified by ``locator``.</doc>
<msg timestamp="20230529 22:56:30.215" level="INFO">Clicking element 'id:form-botao'.</msg>
<status status="PASS" starttime="20230529 22:56:30.213" endtime="20230529 22:56:30.372"/>
</kw>
<status status="PASS" starttime="20230529 22:56:30.211" endtime="20230529 22:56:30.373"/>
</kw>
<kw name="Então o sistema deve apresentar a mensagem de campo obrigatório" library="cadastro">
<kw name="Element Should Be Visible" library="SeleniumLibrary">
<arg>id:form-nome-erro</arg>
<doc>Verifies that the element identified by ``locator`` is visible.</doc>
<msg timestamp="20230529 22:56:30.450" level="INFO">Element 'id:form-nome-erro' is displayed.</msg>
<status status="PASS" starttime="20230529 22:56:30.374" endtime="20230529 22:56:30.450"/>
</kw>
<kw name="Element Should Be Visible" library="SeleniumLibrary">
<arg>id:form-cargo-erro</arg>
<doc>Verifies that the element identified by ``locator`` is visible.</doc>
<msg timestamp="20230529 22:56:30.492" level="INFO">Element 'id:form-cargo-erro' is displayed.</msg>
<status status="PASS" starttime="20230529 22:56:30.451" endtime="20230529 22:56:30.492"/>
</kw>
<kw name="Element Should Be Visible" library="SeleniumLibrary">
<arg>id:form-times-erro</arg>
<doc>Verifies that the element identified by ``locator`` is visible.</doc>
<msg timestamp="20230529 22:56:30.538" level="INFO">Element 'id:form-times-erro' is displayed.</msg>
<status status="PASS" starttime="20230529 22:56:30.493" endtime="20230529 22:56:30.539"/>
</kw>
<status status="PASS" starttime="20230529 22:56:30.373" endtime="20230529 22:56:30.539"/>
</kw>
<kw name="Fechar o navegador" library="setup_teardown" type="TEARDOWN">
<kw name="Close Browser" library="SeleniumLibrary">
<doc>Closes the current browser.</doc>
<status status="PASS" starttime="20230529 22:56:30.543" endtime="20230529 22:56:30.746"/>
</kw>
<status status="PASS" starttime="20230529 22:56:30.541" endtime="20230529 22:56:30.748"/>
</kw>
<status status="PASS" starttime="20230529 22:56:27.180" endtime="20230529 22:56:30.750"/>
</test>
<status status="PASS" starttime="20230529 22:56:26.267" endtime="20230529 22:56:30.755"/>
</suite>
<statistics>
<total>
<stat pass="1" fail="0" skip="0">All Tests</stat>
</total>
<tag>
</tag>
<suite>
<stat pass="1" fail="0" skip="0" id="s1" name="Preenchimento Incorreto">Preenchimento Incorreto</stat>
</suite>
</statistics>
<errors>
</errors>
</robot>
